Determining if the pthread_create exist failed with the following output:
Change Dir: /home/issam/Desktop/Abuse/CMakeFiles/CMakeTmp

Run Build Command:"/usr/bin/make" "cmTC_596c8/fast"
/usr/bin/make -f CMakeFiles/cmTC_596c8.dir/build.make CMakeFiles/cmTC_596c8.dir/build
make[1]: Entering directory '/home/issam/Desktop/Abuse/CMakeFiles/CMakeTmp'
Building C object CMakeFiles/cmTC_596c8.dir/CheckSymbolExists.c.o
/usr/bin/cc    -o CMakeFiles/cmTC_596c8.dir/CheckSymbolExists.c.o   -c /home/issam/Desktop/Abuse/CMakeFiles/CMakeTmp/CheckSymbolExists.c
Linking C executable cmTC_596c8
/usr/local/bin/cmake -E cmake_link_script CMakeFiles/cmTC_596c8.dir/link.txt --verbose=1
/usr/bin/cc      CMakeFiles/cmTC_596c8.dir/CheckSymbolExists.c.o  -o cmTC_596c8 
CMakeFiles/cmTC_596c8.dir/CheckSymbolExists.c.o: In function `main':
CheckSymbolExists.c:(.text+0x16): undefined reference to `pthread_create'
collect2: error: ld returned 1 exit status
CMakeFiles/cmTC_596c8.dir/build.make:86: recipe for target 'cmTC_596c8' failed
make[1]: *** [cmTC_596c8] Error 1
make[1]: Leaving directory '/home/issam/Desktop/Abuse/CMakeFiles/CMakeTmp'
Makefile:121: recipe for target 'cmTC_596c8/fast' failed
make: *** [cmTC_596c8/fast] Error 2

File /home/issam/Desktop/Abuse/CMakeFiles/CMakeTmp/CheckSymbolExists.c:
/* */
#include <pthread.h>

int main(int argc, char** argv)
{
  (void)argv;
#ifndef pthread_create
  return ((int*)(&pthread_create))[argc];
#else
  (void)argc;
  return 0;
#endif
}

Determining if the function pthread_create exists in the pthreads failed with the following output:
Change Dir: /home/issam/Desktop/Abuse/CMakeFiles/CMakeTmp

Run Build Command:"/usr/bin/make" "cmTC_e1f25/fast"
/usr/bin/make -f CMakeFiles/cmTC_e1f25.dir/build.make CMakeFiles/cmTC_e1f25.dir/build
make[1]: Entering directory '/home/issam/Desktop/Abuse/CMakeFiles/CMakeTmp'
Building C object CMakeFiles/cmTC_e1f25.dir/CheckFunctionExists.c.o
/usr/bin/cc   -DCHECK_FUNCTION_EXISTS=pthread_create   -o CMakeFiles/cmTC_e1f25.dir/CheckFunctionExists.c.o   -c /usr/local/share/cmake-3.13/Modules/CheckFunctionExists.c
Linking C executable cmTC_e1f25
/usr/local/bin/cmake -E cmake_link_script CMakeFiles/cmTC_e1f25.dir/link.txt --verbose=1
/usr/bin/cc  -DCHECK_FUNCTION_EXISTS=pthread_create    CMakeFiles/cmTC_e1f25.dir/CheckFunctionExists.c.o  -o cmTC_e1f25 -lpthreads 
/usr/bin/ld: cannot find -lpthreads
collect2: error: ld returned 1 exit status
CMakeFiles/cmTC_e1f25.dir/build.make:86: recipe for target 'cmTC_e1f25' failed
make[1]: *** [cmTC_e1f25] Error 1
make[1]: Leaving directory '/home/issam/Desktop/Abuse/CMakeFiles/CMakeTmp'
Makefile:121: recipe for target 'cmTC_e1f25/fast' failed
make: *** [cmTC_e1f25/fast] Error 2


Determining if the pthread_create exist failed with the following output:
Change Dir: /home/issam/Desktop/Abuse/CMakeFiles/CMakeTmp

Run Build Command:"/usr/bin/make" "cmTC_853d6/fast"
/usr/bin/make -f CMakeFiles/cmTC_853d6.dir/build.make CMakeFiles/cmTC_853d6.dir/build
make[1]: Entering directory '/home/issam/Desktop/Abuse/CMakeFiles/CMakeTmp'
Building C object CMakeFiles/cmTC_853d6.dir/CheckSymbolExists.c.o
/usr/bin/cc    -o CMakeFiles/cmTC_853d6.dir/CheckSymbolExists.c.o   -c /home/issam/Desktop/Abuse/CMakeFiles/CMakeTmp/CheckSymbolExists.c
Linking C executable cmTC_853d6
/usr/local/bin/cmake -E cmake_link_script CMakeFiles/cmTC_853d6.dir/link.txt --verbose=1
/usr/bin/cc      CMakeFiles/cmTC_853d6.dir/CheckSymbolExists.c.o  -o cmTC_853d6 
CMakeFiles/cmTC_853d6.dir/CheckSymbolExists.c.o: In function `main':
CheckSymbolExists.c:(.text+0x16): undefined reference to `pthread_create'
collect2: error: ld returned 1 exit status
CMakeFiles/cmTC_853d6.dir/build.make:86: recipe for target 'cmTC_853d6' failed
make[1]: *** [cmTC_853d6] Error 1
make[1]: Leaving directory '/home/issam/Desktop/Abuse/CMakeFiles/CMakeTmp'
Makefile:121: recipe for target 'cmTC_853d6/fast' failed
make: *** [cmTC_853d6/fast] Error 2

File /home/issam/Desktop/Abuse/CMakeFiles/CMakeTmp/CheckSymbolExists.c:
/* */
#include <pthread.h>

int main(int argc, char** argv)
{
  (void)argv;
#ifndef pthread_create
  return ((int*)(&pthread_create))[argc];
#else
  (void)argc;
  return 0;
#endif
}

Determining if the function pthread_create exists in the pthreads failed with the following output:
Change Dir: /home/issam/Desktop/Abuse/CMakeFiles/CMakeTmp

Run Build Command:"/usr/bin/make" "cmTC_20d2d/fast"
/usr/bin/make -f CMakeFiles/cmTC_20d2d.dir/build.make CMakeFiles/cmTC_20d2d.dir/build
make[1]: Entering directory '/home/issam/Desktop/Abuse/CMakeFiles/CMakeTmp'
Building C object CMakeFiles/cmTC_20d2d.dir/CheckFunctionExists.c.o
/usr/bin/cc   -DCHECK_FUNCTION_EXISTS=pthread_create   -o CMakeFiles/cmTC_20d2d.dir/CheckFunctionExists.c.o   -c /usr/local/share/cmake-3.13/Modules/CheckFunctionExists.c
Linking C executable cmTC_20d2d
/usr/local/bin/cmake -E cmake_link_script CMakeFiles/cmTC_20d2d.dir/link.txt --verbose=1
/usr/bin/cc  -DCHECK_FUNCTION_EXISTS=pthread_create    CMakeFiles/cmTC_20d2d.dir/CheckFunctionExists.c.o  -o cmTC_20d2d -lpthreads 
/usr/bin/ld: cannot find -lpthreads
collect2: error: ld returned 1 exit status
CMakeFiles/cmTC_20d2d.dir/build.make:86: recipe for target 'cmTC_20d2d' failed
make[1]: *** [cmTC_20d2d] Error 1
make[1]: Leaving directory '/home/issam/Desktop/Abuse/CMakeFiles/CMakeTmp'
Makefile:121: recipe for target 'cmTC_20d2d/fast' failed
make: *** [cmTC_20d2d/fast] Error 2


